/*C3*/SET SCHEMA PUBLIC
alter table OrderedItems drop constraint FK69548F7314FFD4E9
alter table cartitems drop constraint FKD3F60A0E6C5F3D3
drop table cartitems if exists
drop table products if exists
drop table users if exists
create table cartitems (id bigint generated by default as identity (start with 1), amount integer not null, createDate timestamp, userId bigint, prodId bigint, primary key (id))
create table products (id bigint generated by default as identity (start with 1), available bit not null, createDate timestamp, imgPath varchar(255), productname varchar(255), price float not null, quantity integer not null, primary key (id))
create table users (id bigint generated by default as identity (start with 1), username varchar(255), password varchar(255), userrole varchar(255), primary key (id))
alter table OrderedItems add constraint FK69548F7314FFD4E9 foreign key (orderId) references orders
alter table cartitems add constraint FKD3F60A0E6C5F3D3 foreign key (prodId) references products
INSERT INTO USERS VALUES(1,'zk','zk','admin')
COMMIT
INSERT INTO PRODUCTS VALUES(1,'1','2012-08-09 15:53:25.302000','/image/cookie.jpg','Cookies',4.0E0,30)
COMMIT
INSERT INTO PRODUCTS VALUES(2,'1','2012-08-09 15:53:25.302000','/image/toast.jpg','Toast',3.0E0,43)
COMMIT
INSERT INTO PRODUCTS VALUES(3,'1','2012-08-09 15:53:25.303000','/image/chocolate.jpg','Chocolate',5.1E0,12)
COMMIT
INSERT INTO PRODUCTS VALUES(4,'1','2012-08-09 15:53:25.303000','/image/butter.jpg','Butter',2.5E0,60)
COMMIT
INSERT INTO PRODUCTS VALUES(5,'1','2012-08-09 15:53:25.304000','/image/milk.jpg','Milk',3.1E0,71)
COMMIT
INSERT INTO PRODUCTS VALUES(6,'1','2012-08-09 15:53:25.304000','/image/coffee.jpg','Coffee Powder',10.4E0,59)
COMMIT
INSERT INTO CARTITEMS VALUES(1,3,'2012-07-31 12:00:00.000000',1,1)
COMMIT
DELETE FROM ORDEREDITEMS WHERE ID=203
DELETE FROM ORDEREDITEMS WHERE ID=204
COMMIT
DELETE FROM ORDERS WHERE ID=1
COMMIT
INSERT INTO ORDERS VALUES(1,NULL,'2012-08-09 15:53:25.305000',' nobody at home in day time','processing',NULL,1)
COMMIT
INSERT INTO ORDEREDITEMS VALUES(205,'Cookies',1,4.0E0,1,10)
COMMIT
INSERT INTO ORDEREDITEMS VALUES(206,'Toast',1,3.1E0,2,5)
COMMIT
INSERT INTO CARTITEMS VALUES(2,1,'2012-08-09 15:53:28.381000',1,3)
COMMIT
DELETE FROM CARTITEMS WHERE ID=2
INSERT INTO CARTITEMS VALUES(2,2,'2012-08-09 15:53:28.381000',1,3)
COMMIT
DELETE FROM CARTITEMS WHERE ID=2
INSERT INTO CARTITEMS VALUES(2,3,'2012-08-09 15:53:28.381000',1,3)
COMMIT
DELETE FROM CARTITEMS WHERE ID=2
INSERT INTO CARTITEMS VALUES(2,4,'2012-08-09 15:53:28.381000',1,3)
COMMIT
INSERT INTO CARTITEMS VALUES(3,1,'2012-08-09 15:53:29.594000',1,4)
COMMIT
DELETE FROM CARTITEMS WHERE ID=3
INSERT INTO CARTITEMS VALUES(3,2,'2012-08-09 15:53:29.594000',1,4)
COMMIT
DELETE FROM CARTITEMS WHERE ID=3
INSERT INTO CARTITEMS VALUES(3,3,'2012-08-09 15:53:29.594000',1,4)
COMMIT
DELETE FROM CARTITEMS WHERE ID=3
INSERT INTO CARTITEMS VALUES(3,4,'2012-08-09 15:53:29.594000',1,4)
COMMIT
INSERT INTO CARTITEMS VALUES(4,1,'2012-08-09 15:53:30.854000',1,5)
COMMIT
DELETE FROM CARTITEMS WHERE ID=4
INSERT INTO CARTITEMS VALUES(4,2,'2012-08-09 15:53:30.854000',1,5)
COMMIT
DELETE FROM CARTITEMS WHERE ID=4
INSERT INTO CARTITEMS VALUES(4,3,'2012-08-09 15:53:30.854000',1,5)
COMMIT
DELETE FROM CARTITEMS WHERE ID=4
INSERT INTO CARTITEMS VALUES(4,4,'2012-08-09 15:53:30.854000',1,5)
COMMIT
DELETE FROM CARTITEMS WHERE ID=4
INSERT INTO CARTITEMS VALUES(4,5,'2012-08-09 15:53:30.854000',1,5)
COMMIT
DELETE FROM CARTITEMS WHERE ID=4
INSERT INTO CARTITEMS VALUES(4,6,'2012-08-09 15:53:30.854000',1,5)
COMMIT
INSERT INTO CARTITEMS VALUES(5,1,'2012-08-09 15:53:32.894000',1,6)
COMMIT
DELETE FROM CARTITEMS WHERE ID=5
INSERT INTO CARTITEMS VALUES(5,2,'2012-08-09 15:53:32.894000',1,6)
COMMIT
DELETE FROM CARTITEMS WHERE ID=5
INSERT INTO CARTITEMS VALUES(5,3,'2012-08-09 15:53:32.894000',1,6)
COMMIT
DELETE FROM CARTITEMS WHERE ID=5
INSERT INTO CARTITEMS VALUES(5,4,'2012-08-09 15:53:32.894000',1,6)
COMMIT
